<?xml version="1.0" encoding="UTF-8"?>
<!-- Generated by org.testng.reporters.JUnitXMLReporter -->
<testsuite ignored="0" hostname="LAPTOP-HRCE9I98" failures="0" tests="3" name="Default test" time="9.838" errors="0" timestamp="2022-03-10T15:52:51 IST">
  <testcase classname="com.selenium.PDFReader" name="readerthroughExcel" time="1.302"/>
  <testcase classname="com.selenium.PDFReader" name="reader" time="8.354"/>
  <testcase classname="com.selenium.PDFReader" name="comparision_of_excel" time="0.054"/>
</testsuite> <!-- Default test -->
